j:\cursos\computer graphics san diego university\hw1-windows_vs2012\hw1-windows\debug\vc120.pdb
j:\cursos\computer graphics san diego university\hw1-windows_vs2012\hw1-windows\debug\vc120.idb
j:\cursos\computer graphics san diego university\hw1-windows_vs2012\hw1-windows\debug\main.nativecodeanalysis.xml
j:\cursos\computer graphics san diego university\hw1-windows_vs2012\hw1-windows\debug\shaders.nativecodeanalysis.xml
j:\cursos\computer graphics san diego university\hw1-windows_vs2012\hw1-windows\debug\transform.nativecodeanalysis.xml
j:\cursos\computer graphics san diego university\hw1-windows_vs2012\hw1-windows\debug\grader.nativecodeanalysis.xml
j:\cursos\computer graphics san diego university\hw1-windows_vs2012\hw1-windows\debug\grader.obj
j:\cursos\computer graphics san diego university\hw1-windows_vs2012\hw1-windows\debug\transform.obj
j:\cursos\computer graphics san diego university\hw1-windows_vs2012\hw1-windows\debug\shaders.obj
j:\cursos\computer graphics san diego university\hw1-windows_vs2012\hw1-windows\debug\main.obj
j:\cursos\computer graphics san diego university\hw1-windows_vs2012\debug\hw1-windows.ilk
j:\cursos\computer graphics san diego university\hw1-windows_vs2012\debug\hw1-windows.exe
j:\cursos\computer graphics san diego university\hw1-windows_vs2012\debug\hw1-windows.pdb
j:\cursos\computer graphics san diego university\hw1-windows_vs2012\hw1-windows\debug\nativecodeanalysis.read.1.tlog
j:\cursos\computer graphics san diego university\hw1-windows_vs2012\hw1-windows\debug\vc.nativecodeanalysis.all.xml
j:\cursos\computer graphics san diego university\hw1-windows_vs2012\debug\hw1-windows.exe.lastcodeanalysissucceeded
j:\cursos\computer graphics san diego university\hw1-windows_vs2012\hw1-windows\debug\hw1-windows.tlog\cl.command.1.tlog
j:\cursos\computer graphics san diego university\hw1-windows_vs2012\hw1-windows\debug\hw1-windows.tlog\cl.read.1.tlog
j:\cursos\computer graphics san diego university\hw1-windows_vs2012\hw1-windows\debug\hw1-windows.tlog\cl.write.1.tlog
j:\cursos\computer graphics san diego university\hw1-windows_vs2012\hw1-windows\debug\hw1-windows.tlog\link.command.1.tlog
j:\cursos\computer graphics san diego university\hw1-windows_vs2012\hw1-windows\debug\hw1-windows.tlog\link.read.1.tlog
j:\cursos\computer graphics san diego university\hw1-windows_vs2012\hw1-windows\debug\hw1-windows.tlog\link.write.1.tlog
